TN:
SF:src/config/constants.ts
FNF:0
FNH:0
DA:1,0
DA:7,0
DA:12,0
LF:3
LH:0
BRF:0
BRH:0
end_of_record
TN:
SF:src/config/firebase.ts
FN:8,(anonymous_1)
FN:28,(anonymous_2)
FN:29,(anonymous_3)
FN:30,(anonymous_4)
FN:31,(anonymous_5)
FN:32,(anonymous_6)
FN:33,(anonymous_7)
FN:34,(anonymous_8)
FN:35,(anonymous_9)
FN:36,(anonymous_10)
FN:37,(anonymous_11)
FN:38,(anonymous_12)
FN:39,(anonymous_13)
FN:47,getCollection
FNF:14
FNH:2
FNDA:1,(anonymous_1)
FNDA:1,(anonymous_2)
FNDA:0,(anonymous_3)
FNDA:0,(anonymous_4)
FNDA:0,(anonymous_5)
FNDA:0,(anonymous_6)
FNDA:0,(anonymous_7)
FNDA:0,(anonymous_8)
FNDA:0,(anonymous_9)
FNDA:0,(anonymous_10)
FNDA:0,(anonymous_11)
FNDA:0,(anonymous_12)
FNDA:0,(anonymous_13)
FNDA:0,getCollection
DA:1,1
DA:2,1
DA:8,1
DA:9,1
DA:10,1
DA:14,1
DA:18,1
DA:21,1
DA:27,1
DA:28,1
DA:29,0
DA:30,0
DA:31,0
DA:32,0
DA:33,0
DA:34,0
DA:35,0
DA:36,0
DA:37,0
DA:38,0
DA:39,0
DA:47,1
DA:48,0
DA:54,1
LF:24
LH:12
BRDA:9,0,0,1
BRDA:11,1,0,1
BRDA:11,1,1,0
BRF:3
BRH:2
end_of_record
TN:
SF:src/config/firestore-collections.ts
FNF:0
FNH:0
DA:5,4
LF:1
LH:1
BRF:0
BRH:0
end_of_record
TN:
SF:src/config/reverse-index-mapping.ts
FNF:0
FNH:0
DA:1,3
DA:8,3
DA:78,3
LF:3
LH:3
BRF:0
BRH:0
end_of_record
TN:
SF:src/handlers/contact.handler.ts
FN:8,(anonymous_0)
FN:27,(anonymous_1)
FN:45,(anonymous_2)
FN:71,(anonymous_3)
FN:89,(anonymous_4)
FNF:5
FNH:0
FNDA:0,(anonymous_0)
FNDA:0,(anonymous_1)
FNDA:0,(anonymous_2)
FNDA:0,(anonymous_3)
FNDA:0,(anonymous_4)
DA:2,0
DA:4,0
DA:5,0
DA:7,0
DA:9,0
DA:10,0
DA:11,0
DA:14,0
DA:17,0
DA:18,0
DA:20,0
DA:22,0
DA:23,0
DA:28,0
DA:29,0
DA:30,0
DA:32,0
DA:33,0
DA:34,0
DA:37,0
DA:38,0
DA:40,0
DA:41,0
DA:46,0
DA:47,0
DA:48,0
DA:51,0
DA:52,0
DA:53,0
DA:54,0
DA:58,0
DA:61,0
DA:62,0
DA:64,0
DA:66,0
DA:67,0
DA:72,0
DA:73,0
DA:76,0
DA:78,0
DA:80,0
DA:81,0
DA:82,0
DA:84,0
DA:90,0
DA:91,0
DA:92,0
DA:95,0
DA:96,0
DA:97,0
DA:101,0
DA:102,0
DA:103,0
DA:104,0
DA:107,0
DA:110,0
DA:116,0
DA:118,0
DA:119,0
DA:120,0
DA:122,0
LF:61
LH:0
BRDA:32,0,0,0
BRDA:52,1,0,0
BRDA:81,2,0,0
BRDA:81,2,1,0
BRDA:92,3,0,0
BRDA:92,4,0,0
BRDA:95,5,0,0
BRDA:102,6,0,0
BRDA:102,7,0,0
BRDA:102,7,1,0
BRDA:102,7,2,0
BRDA:119,8,0,0
BRDA:119,8,1,0
BRF:13
BRH:0
end_of_record
TN:
SF:src/middleware/error.middleware.ts
FN:10,(anonymous_0)
FN:20,(anonymous_1)
FN:27,(anonymous_2)
FN:35,errorHandler
FN:90,notFoundHandler
FNF:5
FNH:0
FNDA:0,(anonymous_0)
FNDA:0,(anonymous_1)
FNDA:0,(anonymous_2)
FNDA:0,errorHandler
FNDA:0,notFoundHandler
DA:6,0
DA:11,0
DA:12,0
DA:13,0
DA:15,0
DA:19,0
DA:21,0
DA:22,0
DA:26,0
DA:28,0
DA:35,0
DA:41,0
DA:42,0
DA:43,0
DA:46,0
DA:47,0
DA:48,0
DA:49,0
DA:50,0
DA:51,0
DA:52,0
DA:53,0
DA:54,0
DA:55,0
DA:59,0
DA:68,0
DA:75,0
DA:76,0
DA:80,0
DA:81,0
DA:84,0
DA:90,0
DA:91,0
LF:33
LH:0
BRDA:21,0,0,0
BRDA:21,0,1,0
BRDA:46,1,0,0
BRDA:46,1,1,0
BRDA:49,2,0,0
BRDA:49,2,1,0
BRDA:53,3,0,0
BRDA:75,4,0,0
BRDA:80,5,0,0
BRF:9
BRH:0
end_of_record
TN:
SF:src/middleware/logging.middleware.ts
FN:6,requestLogger
FN:19,(anonymous_1)
FN:37,performanceLogger
FN:40,(anonymous_3)
FNF:4
FNH:0
FNDA:0,requestLogger
FNDA:0,(anonymous_1)
FNDA:0,performanceLogger
FNDA:0,(anonymous_3)
DA:6,0
DA:7,0
DA:10,0
DA:18,0
DA:19,0
DA:20,0
DA:22,0
DA:28,0
DA:31,0
DA:37,0
DA:38,0
DA:40,0
DA:41,0
DA:42,0
DA:44,0
DA:45,0
DA:55,0
LF:17
LH:0
BRDA:13,0,0,0
BRDA:13,0,1,0
BRDA:44,1,0,0
BRF:3
BRH:0
end_of_record
TN:
SF:src/middleware/validation.middleware.ts
FN:9,validate
FN:10,(anonymous_1)
FN:18,(anonymous_2)
FN:40,asyncValidate
FN:43,(anonymous_4)
FNF:5
FNH:0
FNDA:0,validate
FNDA:0,(anonymous_1)
FNDA:0,(anonymous_2)
FNDA:0,asyncValidate
FNDA:0,(anonymous_4)
DA:9,0
DA:10,0
DA:11,0
DA:17,0
DA:18,0
DA:24,0
DA:32,0
DA:33,0
DA:40,0
DA:43,0
DA:44,0
DA:45,0
DA:46,0
DA:48,0
LF:14
LH:0
BRDA:9,0,0,0
BRDA:17,1,0,0
BRF:2
BRH:0
end_of_record
TN:
SF:src/services/contact.service.ts
FN:4,(anonymous_0)
FN:9,(anonymous_1)
FN:14,(anonymous_2)
FN:19,(anonymous_3)
FNF:4
FNH:0
FNDA:0,(anonymous_0)
FNDA:0,(anonymous_1)
FNDA:0,(anonymous_2)
FNDA:0,(anonymous_3)
DA:3,0
DA:6,0
DA:11,0
DA:16,0
DA:21,0
LF:5
LH:0
BRF:0
BRH:0
end_of_record
TN:
SF:src/services/matching.service.ts
FN:43,(anonymous_0)
FN:97,(anonymous_1)
FN:120,(anonymous_2)
FN:162,(anonymous_3)
FNF:4
FNH:3
FNDA:5,(anonymous_0)
FNDA:1,(anonymous_1)
FNDA:0,(anonymous_2)
FNDA:9,(anonymous_3)
DA:1,2
DA:3,2
DA:35,2
DA:48,5
DA:51,5
DA:52,5
DA:53,1
DA:55,4
DA:58,4
DA:60,4
DA:63,4
DA:64,40
DA:65,40
DA:67,40
DA:69,8
DA:72,8
DA:73,9
DA:74,9
DA:78,9
DA:80,3
DA:81,3
DA:84,3
DA:85,2
DA:88,2
DA:89,2
DA:92,2
DA:93,1
DA:96,2
DA:97,2
DA:99,2
DA:100,2
DA:105,2
DA:108,2
DA:111,2
DA:116,4
DA:119,4
DA:120,0
DA:124,4
DA:126,4
DA:127,1
DA:129,1
DA:130,1
DA:131,1
DA:133,0
DA:136,0
DA:137,0
DA:140,0
DA:146,1
DA:150,4
DA:152,4
DA:163,9
DA:176,9
DA:181,2
LF:53
LH:48
BRDA:46,0,0,0
BRDA:52,1,0,1
BRDA:65,2,0,40
BRDA:65,2,1,0
BRDA:67,3,0,32
BRDA:78,4,0,4
BRDA:81,5,0,3
BRDA:81,5,1,1
BRDA:85,6,0,0
BRDA:88,7,0,2
BRDA:88,7,1,1
BRDA:92,8,0,1
BRDA:99,9,0,2
BRDA:127,10,0,0
BRDA:131,11,0,0
BRDA:136,12,0,0
BRDA:136,13,0,0
BRDA:136,13,1,0
BRDA:143,14,0,0
BRDA:143,14,1,0
BRDA:176,15,0,9
BRDA:176,15,1,0
BRF:22
BRH:11
end_of_record
TN:
SF:src/services/write-sync.service.ts
FN:25,(anonymous_0)
FN:42,(anonymous_1)
FN:45,(anonymous_2)
FN:93,(anonymous_3)
FN:113,(anonymous_4)
FN:130,(anonymous_5)
FN:144,(anonymous_6)
FN:178,(anonymous_7)
FNF:8
FNH:1
FNDA:0,(anonymous_0)
FNDA:0,(anonymous_1)
FNDA:0,(anonymous_2)
FNDA:0,(anonymous_3)
FNDA:0,(anonymous_4)
FNDA:2,(anonymous_5)
FNDA:0,(anonymous_6)
FNDA:0,(anonymous_7)
DA:1,1
DA:4,1
DA:5,1
DA:17,1
DA:30,0
DA:31,0
DA:34,0
DA:35,0
DA:36,0
DA:37,0
DA:39,0
DA:42,0
DA:45,0
DA:47,0
DA:50,0
DA:51,0
DA:52,0
DA:54,0
DA:61,0
DA:62,0
DA:63,0
DA:65,0
DA:68,0
DA:69,0
DA:70,0
DA:71,0
DA:74,0
DA:82,0
DA:83,0
DA:84,0
DA:98,0
DA:105,0
DA:117,0
DA:119,0
DA:131,2
DA:149,0
DA:152,0
DA:153,0
DA:154,0
DA:155,0
DA:159,0
DA:160,0
DA:168,0
DA:171,0
DA:179,0
DA:182,0
DA:183,0
DA:184,0
DA:187,0
DA:190,0
DA:206,0
DA:211,1
LF:52
LH:6
BRDA:36,0,0,0
BRDA:36,0,1,0
BRDA:37,1,0,0
BRDA:37,1,1,0
BRDA:69,2,0,0
BRDA:147,3,0,0
BRDA:153,4,0,0
BRDA:155,5,0,0
BRDA:155,5,1,0
BRDA:163,6,0,0
BRDA:163,6,1,0
BRDA:163,7,0,0
BRDA:163,7,1,0
BRDA:183,8,0,0
BRF:14
BRH:0
end_of_record
TN:
SF:src/utils/document-id.ts
FN:18,normalizeDocumentId
FN:33,isValidDocumentId
FN:46,ensureValidDocumentId
FNF:3
FNH:3
FNDA:9,normalizeDocumentId
FNDA:10,isValidDocumentId
FNDA:3,ensureValidDocumentId
DA:18,2
DA:19,9
DA:33,2
DA:35,10
DA:46,2
DA:47,3
DA:49,3
DA:50,2
DA:53,1
LF:9
LH:9
BRDA:35,0,0,10
BRDA:35,0,1,4
BRDA:49,1,0,2
BRF:3
BRH:3
end_of_record
TN:
SF:src/validators/contact.validator.ts
FN:66,(anonymous_1)
FNF:1
FNH:0
FNDA:0,(anonymous_1)
DA:1,0
DA:6,0
DA:64,0
DA:66,0
DA:72,0
DA:80,0
LF:6
LH:0
BRF:0
BRH:0
end_of_record
